# JRE version: Java(TM) SE Runtime Environment (17.0.7+8) (build 17.0.7+8-LTS-224)
# Java VM: Java HotSpot(TM) 64-Bit Server VM (17.0.7+8-LTS-224, mixed mode, sharing, tiered, compressed oops, compressed class ptrs, g1 gc, windows-amd64)
GC Precious Log:
 CPUs: 12 total, 12 available
 Memory: 7893M
 Large Page Support: Disabled
 NUMA Support: Disabled
 Compressed Oops: Enabled (32-bit)
 Heap Region Size: 1M
 Heap Min Capacity: 8M
 Heap Initial Capacity: 124M
 Heap Max Capacity: 1974M
 Pre-touch: Disabled
 Parallel Workers: 10
 Concurrent Workers: 3
 Concurrent Refinement Workers: 10
 Periodic GC: Disabled
Heap:
 garbage-first heap   total 126976K, used 52408K [0x0000000084a00000, 0x0000000100000000)
  region size 1024K, 46 young (47104K), 1 survivors (1024K)
 Metaspace       used 11648K, committed 11968K, reserved 1064960K
  class space    used 1302K, committed 1472K, reserved 1048576K
GC Heap History (20 events):
Event: 142174.871 GC heap before
{Heap before GC invocations=92 (full 0):
 garbage-first heap   total 126976K, used 82096K [0x0000000084a00000, 0x0000000100000000)
  region size 1024K, 74 young (75776K), 1 survivors (1024K)
 Metaspace       used 11647K, committed 11968K, reserved 1064960K
  class space    used 1302K, committed 1472K, reserved 1048576K
}
Event: 142174.874 GC heap after
{Heap after GC invocations=93 (full 0):
 garbage-first heap   total 126976K, used 7346K [0x0000000084a00000, 0x0000000100000000)
  region size 1024K, 1 young (1024K), 1 survivors (1024K)
 Metaspace       used 11647K, committed 11968K, reserved 1064960K
  class space    used 1302K, committed 1472K, reserved 1048576K
}
Event: 142866.080 GC heap before
{Heap before GC invocations=93 (full 0):
 garbage-first heap   total 126976K, used 82098K [0x0000000084a00000, 0x0000000100000000)
  region size 1024K, 74 young (75776K), 1 survivors (1024K)
 Metaspace       used 11647K, committed 11968K, reserved 1064960K
  class space    used 1302K, committed 1472K, reserved 1048576K
}
Event: 142866.084 GC heap after
{Heap after GC invocations=94 (full 0):
 garbage-first heap   total 126976K, used 7348K [0x0000000084a00000, 0x0000000100000000)
  region size 1024K, 1 young (1024K), 1 survivors (1024K)
 Metaspace       used 11647K, committed 11968K, reserved 1064960K
  class space    used 1302K, committed 1472K, reserved 1048576K
}
Event: 143491.977 GC heap before
{Heap before GC invocations=94 (full 0):
 garbage-first heap   total 126976K, used 82100K [0x0000000084a00000, 0x0000000100000000)
  region size 1024K, 74 young (75776K), 1 survivors (1024K)
 Metaspace       used 11647K, committed 11968K, reserved 1064960K
  class space    used 1302K, committed 1472K, reserved 1048576K
}
Event: 143491.981 GC heap after
{Heap after GC invocations=95 (full 0):
 garbage-first heap   total 126976K, used 7344K [0x0000000084a00000, 0x0000000100000000)
  region size 1024K, 1 young (1024K), 1 survivors (1024K)
 Metaspace       used 11647K, committed 11968K, reserved 1064960K
  class space    used 1302K, committed 1472K, reserved 1048576K
}
Event: 144108.398 GC heap before
{Heap before GC invocations=95 (full 0):
 garbage-first heap   total 126976K, used 82096K [0x0000000084a00000, 0x0000000100000000)
  region size 1024K, 74 young (75776K), 1 survivors (1024K)
 Metaspace       used 11647K, committed 11968K, reserved 1064960K
  class space    used 1302K, committed 1472K, reserved 1048576K
}
Event: 144108.399 GC heap after
{Heap after GC invocations=96 (full 0):
 garbage-first heap   total 126976K, used 7348K [0x0000000084a00000, 0x0000000100000000)
  region size 1024K, 1 young (1024K), 1 survivors (1024K)
 Metaspace       used 11647K, committed 11968K, reserved 1064960K
  class space    used 1302K, committed 1472K, reserved 1048576K
}
Event: 144720.214 GC heap before
{Heap before GC invocations=96 (full 0):
 garbage-first heap   total 126976K, used 82100K [0x0000000084a00000, 0x0000000100000000)
  region size 1024K, 74 young (75776K), 1 survivors (1024K)
 Metaspace       used 11647K, committed 11968K, reserved 1064960K
  class space    used 1302K, committed 1472K, reserved 1048576K
}
Event: 144720.217 GC heap after
{Heap after GC invocations=97 (full 0):
 garbage-first heap   total 126976K, used 7347K [0x0000000084a00000, 0x0000000100000000)
  region size 1024K, 1 young (1024K), 1 survivors (1024K)
 Metaspace       used 11647K, committed 11968K, reserved 1064960K
  class space    used 1302K, committed 1472K, reserved 1048576K
}
Event: 145325.867 GC heap before
{Heap before GC invocations=97 (full 0):
 garbage-first heap   total 126976K, used 82099K [0x0000000084a00000, 0x0000000100000000)
  region size 1024K, 74 young (75776K), 1 survivors (1024K)
 Metaspace       used 11647K, committed 11968K, reserved 1064960K
  class space    used 1302K, committed 1472K, reserved 1048576K
}
Event: 145325.871 GC heap after
{Heap after GC invocations=98 (full 0):
 garbage-first heap   total 126976K, used 7348K [0x0000000084a00000, 0x0000000100000000)
  region size 1024K, 1 young (1024K), 1 survivors (1024K)
 Metaspace       used 11647K, committed 11968K, reserved 1064960K
  class space    used 1302K, committed 1472K, reserved 1048576K
}
Event: 146097.587 GC heap before
{Heap before GC invocations=98 (full 0):
 garbage-first heap   total 126976K, used 82100K [0x0000000084a00000, 0x0000000100000000)
  region size 1024K, 74 young (75776K), 1 survivors (1024K)
 Metaspace       used 11647K, committed 11968K, reserved 1064960K
  class space    used 1302K, committed 1472K, reserved 1048576K
}
Event: 146097.588 GC heap after
{Heap after GC invocations=99 (full 0):
 garbage-first heap   total 126976K, used 7346K [0x0000000084a00000, 0x0000000100000000)
  region size 1024K, 1 young (1024K), 1 survivors (1024K)
 Metaspace       used 11647K, committed 11968K, reserved 1064960K
  class space    used 1302K, committed 1472K, reserved 1048576K
}
Event: 146866.152 GC heap before
{Heap before GC invocations=99 (full 0):
 garbage-first heap   total 126976K, used 82098K [0x0000000084a00000, 0x0000000100000000)
  region size 1024K, 74 young (75776K), 1 survivors (1024K)
 Metaspace       used 11647K, committed 11968K, reserved 1064960K
  class space    used 1302K, committed 1472K, reserved 1048576K
}
Event: 146866.156 GC heap after
{Heap after GC invocations=100 (full 0):
 garbage-first heap   total 126976K, used 7346K [0x0000000084a00000, 0x0000000100000000)
  region size 1024K, 1 young (1024K), 1 survivors (1024K)
 Metaspace       used 11647K, committed 11968K, reserved 1064960K
  class space    used 1302K, committed 1472K, reserved 1048576K
}
Event: 147636.460 GC heap before
{Heap before GC invocations=100 (full 0):
 garbage-first heap   total 126976K, used 82098K [0x0000000084a00000, 0x0000000100000000)
  region size 1024K, 74 young (75776K), 1 survivors (1024K)
 Metaspace       used 11647K, committed 11968K, reserved 1064960K
  class space    used 1302K, committed 1472K, reserved 1048576K
}
Event: 147636.462 GC heap after
{Heap after GC invocations=101 (full 0):
 garbage-first heap   total 126976K, used 7352K [0x0000000084a00000, 0x0000000100000000)
  region size 1024K, 1 young (1024K), 1 survivors (1024K)
 Metaspace       used 11647K, committed 11968K, reserved 1064960K
  class space    used 1302K, committed 1472K, reserved 1048576K
}
Event: 148260.785 GC heap before
{Heap before GC invocations=101 (full 0):
 garbage-first heap   total 126976K, used 82104K [0x0000000084a00000, 0x0000000100000000)
  region size 1024K, 74 young (75776K), 1 survivors (1024K)
 Metaspace       used 11647K, committed 11968K, reserved 1064960K
  class space    used 1302K, committed 1472K, reserved 1048576K
}
Event: 148260.788 GC heap after
{Heap after GC invocations=102 (full 0):
 garbage-first heap   total 126976K, used 7352K [0x0000000084a00000, 0x0000000100000000)
  region size 1024K, 1 young (1024K), 1 survivors (1024K)
 Metaspace       used 11647K, committed 11968K, reserved 1064960K
  class space    used 1302K, committed 1472K, reserved 1048576K
}

