# JRE version: Java(TM) SE Runtime Environment (17.0.7+8) (build 17.0.7+8-LTS-224)
# Java VM: Java HotSpot(TM) 64-Bit Server VM (17.0.7+8-LTS-224, mixed mode, sharing, tiered, compressed oops, compressed class ptrs, g1 gc, windows-amd64)
GC Precious Log:
 CPUs: 12 total, 12 available
 Memory: 7893M
 Large Page Support: Disabled
 NUMA Support: Disabled
 Compressed Oops: Enabled (32-bit)
 Heap Region Size: 1M
 Heap Min Capacity: 8M
 Heap Initial Capacity: 124M
 Heap Max Capacity: 1974M
 Pre-touch: Disabled
 Parallel Workers: 10
 Concurrent Workers: 3
 Concurrent Refinement Workers: 10
 Periodic GC: Disabled
Heap:
 garbage-first heap   total 126976K, used 38060K [0x0000000084a00000, 0x0000000100000000)
  region size 1024K, 32 young (32768K), 1 survivors (1024K)
 Metaspace       used 11656K, committed 11968K, reserved 1064960K
  class space    used 1301K, committed 1472K, reserved 1048576K
GC Heap History (20 events):
Event: 142232.082 GC heap before
{Heap before GC invocations=92 (full 0):
 garbage-first heap   total 126976K, used 82089K [0x0000000084a00000, 0x0000000100000000)
  region size 1024K, 74 young (75776K), 1 survivors (1024K)
 Metaspace       used 11654K, committed 11968K, reserved 1064960K
  class space    used 1301K, committed 1472K, reserved 1048576K
}
Event: 142232.085 GC heap after
{Heap after GC invocations=93 (full 0):
 garbage-first heap   total 126976K, used 7336K [0x0000000084a00000, 0x0000000100000000)
  region size 1024K, 1 young (1024K), 1 survivors (1024K)
 Metaspace       used 11654K, committed 11968K, reserved 1064960K
  class space    used 1301K, committed 1472K, reserved 1048576K
}
Event: 142906.196 GC heap before
{Heap before GC invocations=93 (full 0):
 garbage-first heap   total 126976K, used 82088K [0x0000000084a00000, 0x0000000100000000)
  region size 1024K, 74 young (75776K), 1 survivors (1024K)
 Metaspace       used 11654K, committed 11968K, reserved 1064960K
  class space    used 1301K, committed 1472K, reserved 1048576K
}
Event: 142906.198 GC heap after
{Heap after GC invocations=94 (full 0):
 garbage-first heap   total 126976K, used 7337K [0x0000000084a00000, 0x0000000100000000)
  region size 1024K, 1 young (1024K), 1 survivors (1024K)
 Metaspace       used 11654K, committed 11968K, reserved 1064960K
  class space    used 1301K, committed 1472K, reserved 1048576K
}
Event: 143535.840 GC heap before
{Heap before GC invocations=94 (full 0):
 garbage-first heap   total 126976K, used 82089K [0x0000000084a00000, 0x0000000100000000)
  region size 1024K, 74 young (75776K), 1 survivors (1024K)
 Metaspace       used 11654K, committed 11968K, reserved 1064960K
  class space    used 1301K, committed 1472K, reserved 1048576K
}
Event: 143535.844 GC heap after
{Heap after GC invocations=95 (full 0):
 garbage-first heap   total 126976K, used 7332K [0x0000000084a00000, 0x0000000100000000)
  region size 1024K, 1 young (1024K), 1 survivors (1024K)
 Metaspace       used 11654K, committed 11968K, reserved 1064960K
  class space    used 1301K, committed 1472K, reserved 1048576K
}
Event: 144151.096 GC heap before
{Heap before GC invocations=95 (full 0):
 garbage-first heap   total 126976K, used 82084K [0x0000000084a00000, 0x0000000100000000)
  region size 1024K, 74 young (75776K), 1 survivors (1024K)
 Metaspace       used 11654K, committed 11968K, reserved 1064960K
  class space    used 1301K, committed 1472K, reserved 1048576K
}
Event: 144151.099 GC heap after
{Heap after GC invocations=96 (full 0):
 garbage-first heap   total 126976K, used 7333K [0x0000000084a00000, 0x0000000100000000)
  region size 1024K, 1 young (1024K), 1 survivors (1024K)
 Metaspace       used 11654K, committed 11968K, reserved 1064960K
  class space    used 1301K, committed 1472K, reserved 1048576K
}
Event: 144745.075 GC heap before
{Heap before GC invocations=96 (full 0):
 garbage-first heap   total 126976K, used 82085K [0x0000000084a00000, 0x0000000100000000)
  region size 1024K, 74 young (75776K), 1 survivors (1024K)
 Metaspace       used 11654K, committed 11968K, reserved 1064960K
  class space    used 1301K, committed 1472K, reserved 1048576K
}
Event: 144745.077 GC heap after
{Heap after GC invocations=97 (full 0):
 garbage-first heap   total 126976K, used 7336K [0x0000000084a00000, 0x0000000100000000)
  region size 1024K, 1 young (1024K), 1 survivors (1024K)
 Metaspace       used 11654K, committed 11968K, reserved 1064960K
  class space    used 1301K, committed 1472K, reserved 1048576K
}
Event: 145395.707 GC heap before
{Heap before GC invocations=97 (full 0):
 garbage-first heap   total 126976K, used 82088K [0x0000000084a00000, 0x0000000100000000)
  region size 1024K, 74 young (75776K), 1 survivors (1024K)
 Metaspace       used 11654K, committed 11968K, reserved 1064960K
  class space    used 1301K, committed 1472K, reserved 1048576K
}
Event: 145395.710 GC heap after
{Heap after GC invocations=98 (full 0):
 garbage-first heap   total 126976K, used 7336K [0x0000000084a00000, 0x0000000100000000)
  region size 1024K, 1 young (1024K), 1 survivors (1024K)
 Metaspace       used 11654K, committed 11968K, reserved 1064960K
  class space    used 1301K, committed 1472K, reserved 1048576K
}
Event: 146165.043 GC heap before
{Heap before GC invocations=98 (full 0):
 garbage-first heap   total 126976K, used 82088K [0x0000000084a00000, 0x0000000100000000)
  region size 1024K, 74 young (75776K), 1 survivors (1024K)
 Metaspace       used 11654K, committed 11968K, reserved 1064960K
  class space    used 1301K, committed 1472K, reserved 1048576K
}
Event: 146165.046 GC heap after
{Heap after GC invocations=99 (full 0):
 garbage-first heap   total 126976K, used 7335K [0x0000000084a00000, 0x0000000100000000)
  region size 1024K, 1 young (1024K), 1 survivors (1024K)
 Metaspace       used 11654K, committed 11968K, reserved 1064960K
  class space    used 1301K, committed 1472K, reserved 1048576K
}
Event: 146931.229 GC heap before
{Heap before GC invocations=99 (full 0):
 garbage-first heap   total 126976K, used 82087K [0x0000000084a00000, 0x0000000100000000)
  region size 1024K, 74 young (75776K), 1 survivors (1024K)
 Metaspace       used 11654K, committed 11968K, reserved 1064960K
  class space    used 1301K, committed 1472K, reserved 1048576K
}
Event: 146931.231 GC heap after
{Heap after GC invocations=100 (full 0):
 garbage-first heap   total 126976K, used 7334K [0x0000000084a00000, 0x0000000100000000)
  region size 1024K, 1 young (1024K), 1 survivors (1024K)
 Metaspace       used 11654K, committed 11968K, reserved 1064960K
  class space    used 1301K, committed 1472K, reserved 1048576K
}
Event: 147681.563 GC heap before
{Heap before GC invocations=100 (full 0):
 garbage-first heap   total 126976K, used 82086K [0x0000000084a00000, 0x0000000100000000)
  region size 1024K, 74 young (75776K), 1 survivors (1024K)
 Metaspace       used 11654K, committed 11968K, reserved 1064960K
  class space    used 1301K, committed 1472K, reserved 1048576K
}
Event: 147681.566 GC heap after
{Heap after GC invocations=101 (full 0):
 garbage-first heap   total 126976K, used 7342K [0x0000000084a00000, 0x0000000100000000)
  region size 1024K, 1 young (1024K), 1 survivors (1024K)
 Metaspace       used 11654K, committed 11968K, reserved 1064960K
  class space    used 1301K, committed 1472K, reserved 1048576K
}
Event: 148294.289 GC heap before
{Heap before GC invocations=101 (full 0):
 garbage-first heap   total 126976K, used 82094K [0x0000000084a00000, 0x0000000100000000)
  region size 1024K, 74 young (75776K), 1 survivors (1024K)
 Metaspace       used 11654K, committed 11968K, reserved 1064960K
  class space    used 1301K, committed 1472K, reserved 1048576K
}
Event: 148294.293 GC heap after
{Heap after GC invocations=102 (full 0):
 garbage-first heap   total 126976K, used 7340K [0x0000000084a00000, 0x0000000100000000)
  region size 1024K, 1 young (1024K), 1 survivors (1024K)
 Metaspace       used 11654K, committed 11968K, reserved 1064960K
  class space    used 1301K, committed 1472K, reserved 1048576K
}

