# JRE version: Java(TM) SE Runtime Environment (17.0.7+8) (build 17.0.7+8-LTS-224)
# Java VM: Java HotSpot(TM) 64-Bit Server VM (17.0.7+8-LTS-224, mixed mode, sharing, tiered, compressed oops, compressed class ptrs, g1 gc, windows-amd64)
GC Precious Log:
 CPUs: 12 total, 12 available
 Memory: 7893M
 Large Page Support: Disabled
 NUMA Support: Disabled
 Compressed Oops: Enabled (32-bit)
 Heap Region Size: 1M
 Heap Min Capacity: 8M
 Heap Initial Capacity: 124M
 Heap Max Capacity: 1974M
 Pre-touch: Disabled
 Parallel Workers: 10
 Concurrent Workers: 3
 Concurrent Refinement Workers: 10
 Periodic GC: Disabled
Heap:
 garbage-first heap   total 126976K, used 54375K [0x0000000084a00000, 0x0000000100000000)
  region size 1024K, 48 young (49152K), 1 survivors (1024K)
 Metaspace       used 11645K, committed 11904K, reserved 1064960K
  class space    used 1302K, committed 1472K, reserved 1048576K
GC Heap History (20 events):
Event: 139247.441 GC heap before
{Heap before GC invocations=90 (full 0):
 garbage-first heap   total 126976K, used 82019K [0x0000000084a00000, 0x0000000100000000)
  region size 1024K, 74 young (75776K), 1 survivors (1024K)
 Metaspace       used 11644K, committed 11904K, reserved 1064960K
  class space    used 1302K, committed 1472K, reserved 1048576K
}
Event: 139247.453 GC heap after
{Heap after GC invocations=91 (full 0):
 garbage-first heap   total 126976K, used 7269K [0x0000000084a00000, 0x0000000100000000)
  region size 1024K, 1 young (1024K), 1 survivors (1024K)
 Metaspace       used 11644K, committed 11904K, reserved 1064960K
  class space    used 1302K, committed 1472K, reserved 1048576K
}
Event: 142668.789 GC heap before
{Heap before GC invocations=91 (full 0):
 garbage-first heap   total 126976K, used 82021K [0x0000000084a00000, 0x0000000100000000)
  region size 1024K, 74 young (75776K), 1 survivors (1024K)
 Metaspace       used 11644K, committed 11904K, reserved 1064960K
  class space    used 1302K, committed 1472K, reserved 1048576K
}
Event: 142668.792 GC heap after
{Heap after GC invocations=92 (full 0):
 garbage-first heap   total 126976K, used 7273K [0x0000000084a00000, 0x0000000100000000)
  region size 1024K, 1 young (1024K), 1 survivors (1024K)
 Metaspace       used 11644K, committed 11904K, reserved 1064960K
  class space    used 1302K, committed 1472K, reserved 1048576K
}
Event: 143324.403 GC heap before
{Heap before GC invocations=92 (full 0):
 garbage-first heap   total 126976K, used 82025K [0x0000000084a00000, 0x0000000100000000)
  region size 1024K, 74 young (75776K), 1 survivors (1024K)
 Metaspace       used 11644K, committed 11904K, reserved 1064960K
  class space    used 1302K, committed 1472K, reserved 1048576K
}
Event: 143324.410 GC heap after
{Heap after GC invocations=93 (full 0):
 garbage-first heap   total 126976K, used 7267K [0x0000000084a00000, 0x0000000100000000)
  region size 1024K, 1 young (1024K), 1 survivors (1024K)
 Metaspace       used 11644K, committed 11904K, reserved 1064960K
  class space    used 1302K, committed 1472K, reserved 1048576K
}
Event: 143953.855 GC heap before
{Heap before GC invocations=93 (full 0):
 garbage-first heap   total 126976K, used 82019K [0x0000000084a00000, 0x0000000100000000)
  region size 1024K, 74 young (75776K), 1 survivors (1024K)
 Metaspace       used 11644K, committed 11904K, reserved 1064960K
  class space    used 1302K, committed 1472K, reserved 1048576K
}
Event: 143953.856 GC heap after
{Heap after GC invocations=94 (full 0):
 garbage-first heap   total 126976K, used 7271K [0x0000000084a00000, 0x0000000100000000)
  region size 1024K, 1 young (1024K), 1 survivors (1024K)
 Metaspace       used 11644K, committed 11904K, reserved 1064960K
  class space    used 1302K, committed 1472K, reserved 1048576K
}
Event: 144583.853 GC heap before
{Heap before GC invocations=94 (full 0):
 garbage-first heap   total 126976K, used 82023K [0x0000000084a00000, 0x0000000100000000)
  region size 1024K, 74 young (75776K), 1 survivors (1024K)
 Metaspace       used 11644K, committed 11904K, reserved 1064960K
  class space    used 1302K, committed 1472K, reserved 1048576K
}
Event: 144583.858 GC heap after
{Heap after GC invocations=95 (full 0):
 garbage-first heap   total 126976K, used 7271K [0x0000000084a00000, 0x0000000100000000)
  region size 1024K, 1 young (1024K), 1 survivors (1024K)
 Metaspace       used 11644K, committed 11904K, reserved 1064960K
  class space    used 1302K, committed 1472K, reserved 1048576K
}
Event: 145182.697 GC heap before
{Heap before GC invocations=95 (full 0):
 garbage-first heap   total 126976K, used 82023K [0x0000000084a00000, 0x0000000100000000)
  region size 1024K, 74 young (75776K), 1 survivors (1024K)
 Metaspace       used 11644K, committed 11904K, reserved 1064960K
  class space    used 1302K, committed 1472K, reserved 1048576K
}
Event: 145182.698 GC heap after
{Heap after GC invocations=96 (full 0):
 garbage-first heap   total 126976K, used 7272K [0x0000000084a00000, 0x0000000100000000)
  region size 1024K, 1 young (1024K), 1 survivors (1024K)
 Metaspace       used 11644K, committed 11904K, reserved 1064960K
  class space    used 1302K, committed 1472K, reserved 1048576K
}
Event: 145969.468 GC heap before
{Heap before GC invocations=96 (full 0):
 garbage-first heap   total 126976K, used 82024K [0x0000000084a00000, 0x0000000100000000)
  region size 1024K, 74 young (75776K), 1 survivors (1024K)
 Metaspace       used 11644K, committed 11904K, reserved 1064960K
  class space    used 1302K, committed 1472K, reserved 1048576K
}
Event: 145969.472 GC heap after
{Heap after GC invocations=97 (full 0):
 garbage-first heap   total 126976K, used 7268K [0x0000000084a00000, 0x0000000100000000)
  region size 1024K, 1 young (1024K), 1 survivors (1024K)
 Metaspace       used 11644K, committed 11904K, reserved 1064960K
  class space    used 1302K, committed 1472K, reserved 1048576K
}
Event: 146758.955 GC heap before
{Heap before GC invocations=97 (full 0):
 garbage-first heap   total 126976K, used 82020K [0x0000000084a00000, 0x0000000100000000)
  region size 1024K, 74 young (75776K), 1 survivors (1024K)
 Metaspace       used 11644K, committed 11904K, reserved 1064960K
  class space    used 1302K, committed 1472K, reserved 1048576K
}
Event: 146758.959 GC heap after
{Heap after GC invocations=98 (full 0):
 garbage-first heap   total 126976K, used 7272K [0x0000000084a00000, 0x0000000100000000)
  region size 1024K, 1 young (1024K), 1 survivors (1024K)
 Metaspace       used 11644K, committed 11904K, reserved 1064960K
  class space    used 1302K, committed 1472K, reserved 1048576K
}
Event: 147548.279 GC heap before
{Heap before GC invocations=98 (full 0):
 garbage-first heap   total 126976K, used 82024K [0x0000000084a00000, 0x0000000100000000)
  region size 1024K, 74 young (75776K), 1 survivors (1024K)
 Metaspace       used 11644K, committed 11904K, reserved 1064960K
  class space    used 1302K, committed 1472K, reserved 1048576K
}
Event: 147548.283 GC heap after
{Heap after GC invocations=99 (full 0):
 garbage-first heap   total 126976K, used 7272K [0x0000000084a00000, 0x0000000100000000)
  region size 1024K, 1 young (1024K), 1 survivors (1024K)
 Metaspace       used 11644K, committed 11904K, reserved 1064960K
  class space    used 1302K, committed 1472K, reserved 1048576K
}
Event: 148198.903 GC heap before
{Heap before GC invocations=99 (full 0):
 garbage-first heap   total 126976K, used 82024K [0x0000000084a00000, 0x0000000100000000)
  region size 1024K, 74 young (75776K), 1 survivors (1024K)
 Metaspace       used 11644K, committed 11904K, reserved 1064960K
  class space    used 1302K, committed 1472K, reserved 1048576K
}
Event: 148198.908 GC heap after
{Heap after GC invocations=100 (full 0):
 garbage-first heap   total 126976K, used 7271K [0x0000000084a00000, 0x0000000100000000)
  region size 1024K, 1 young (1024K), 1 survivors (1024K)
 Metaspace       used 11644K, committed 11904K, reserved 1064960K
  class space    used 1302K, committed 1472K, reserved 1048576K
}

